2015-07-25 14:21:11 [INFORMATION] [Multiverse-Portals]  0 - Portals(s) loaded
2015-07-27 21:02:30 [INFORMATION] [Multiverse-Portals]  1 - Portals(s) loaded
2015-07-27 21:06:13 [INFORMATION] [Multiverse-Portals]  1 - Portals(s) loaded
2015-07-27 21:14:23 [INFORMATION] [Multiverse-Portals]  1 - Portals(s) loaded
2015-07-27 21:48:04 [INFORMATION] [Multiverse-Portals]  1 - Portals(s) loaded
2015-07-27 21:48:40 [INFORMATION] [Multiverse-Portals]  1 - Portals(s) loaded
2015-07-28 22:56:09 [WARNUNG] [Multiverse-Portals]  Failed Parsing World for: nicholasdille-Utopia (World Error, World did not exist or was not imported into Multiverse-Core!)
2015-07-28 22:56:09 [WARNUNG] [Multiverse-Portals]  Portal nicholasdille-Utopia has an invalid LOCATION!
2015-07-28 22:56:09 [WARNUNG] [Multiverse-Portals]  Portal 'nicholasdille-Utopia' not loaded due to invalid location!
2015-07-28 22:56:09 [INFORMATION] [Multiverse-Portals]  1 - Portals(s) loaded
2015-07-28 23:01:02 [WARNUNG] [Multiverse-Portals]  Failed Parsing World for: nicholasdille-Utopia (World Error, World did not exist or was not imported into Multiverse-Core!)
2015-07-28 23:01:02 [WARNUNG] [Multiverse-Portals]  Portal nicholasdille-Utopia has an invalid LOCATION!
2015-07-28 23:01:02 [WARNUNG] [Multiverse-Portals]  Portal 'nicholasdille-Utopia' not loaded due to invalid location!
2015-07-28 23:01:02 [INFORMATION] [Multiverse-Portals]  1 - Portals(s) loaded
2015-07-28 23:03:39 [WARNUNG] [Multiverse-Portals]  Failed Parsing World for: nicholasdille-Utopia (World Error, World did not exist or was not imported into Multiverse-Core!)
2015-07-28 23:03:39 [WARNUNG] [Multiverse-Portals]  Portal nicholasdille-Utopia has an invalid LOCATION!
2015-07-28 23:03:39 [WARNUNG] [Multiverse-Portals]  Portal 'nicholasdille-Utopia' not loaded due to invalid location!
2015-07-28 23:03:39 [INFORMATION] [Multiverse-Portals]  1 - Portals(s) loaded
2015-07-28 23:04:25 [WARNUNG] [Multiverse-Portals]  Failed Parsing World for: nicholasdille-Utopia (World Error, World did not exist or was not imported into Multiverse-Core!)
2015-07-28 23:04:25 [WARNUNG] [Multiverse-Portals]  Portal nicholasdille-Utopia has an invalid LOCATION!
2015-07-28 23:04:25 [WARNUNG] [Multiverse-Portals]  Portal 'nicholasdille-Utopia' not loaded due to invalid location!
2015-07-28 23:04:25 [INFORMATION] [Multiverse-Portals]  1 - Portals(s) loaded
2015-07-28 23:08:00 [INFORMATION] [Multiverse-Portals]  0 - Portals(s) loaded
2015-07-28 23:11:16 [INFORMATION] [Multiverse-Portals]  0 - Portals(s) loaded
2015-07-28 23:11:43 [INFORMATION] [Multiverse-Portals]  0 - Portals(s) loaded
2015-07-28 23:19:37 [INFORMATION] [Multiverse-Portals]  0 - Portals(s) loaded
2015-07-28 23:25:45 [INFORMATION] [Multiverse-Portals]  0 - Portals(s) loaded
2015-07-28 23:35:25 [INFORMATION] [Multiverse-Portals]  0 - Portals(s) loaded
2015-07-31 10:19:20 [INFORMATION] [Multiverse-Portals]  1 - Portals(s) loaded
2015-07-31 10:52:35 [INFORMATION] [Multiverse-Portals]  1 - Portals(s) loaded
2015-07-31 11:05:24 [INFORMATION] [Multiverse-Portals]  1 - Portals(s) loaded
2015-07-31 11:15:38 [INFORMATION] [Multiverse-Portals]  1 - Portals(s) loaded
2015-07-31 11:43:43 [INFO] [Multiverse-Portals]  2 - Portals(s) loaded
2015-07-31 11:52:14 [INFO] [Multiverse-Portals]  2 - Portals(s) loaded
2015-07-31 11:54:05 [INFO] [Multiverse-Portals]  2 - Portals(s) loaded
2015-07-31 11:57:06 [INFO] [Multiverse-Portals]  2 - Portals(s) loaded
2015-07-31 12:14:55 [INFO] [Multiverse-Portals]  2 - Portals(s) loaded
2015-08-01 14:31:54 [INFORMATION] [Multiverse-Portals]  3 - Portals(s) loaded
2015-08-01 15:13:43 [INFORMATION] [Multiverse-Portals]  3 - Portals(s) loaded
2015-08-11 09:38:40 [INFO] [Multiverse-Portals]  3 - Portals(s) loaded
2015-08-11 09:45:40 [INFO] [Multiverse-Portals]  3 - Portals(s) loaded
2015-08-11 10:24:22 [INFO] [Multiverse-Portals]  3 - Portals(s) loaded
2015-08-11 12:05:15 [INFO] [Multiverse-Portals]  3 - Portals(s) loaded
2015-08-16 22:19:56 [INFO] [Multiverse-Portals]  3 - Portals(s) loaded
2015-08-16 22:33:12 [INFO] [Multiverse-Portals]  3 - Portals(s) loaded
2015-08-18 21:37:54 [INFO] [Multiverse-Portals]  3 - Portals(s) loaded
